
    <style type="text/css" media="screen">
        body {
            font-family: verdana, arial, helvetica, sans-serif;
        }
        table {
            *border-collapse: collapse; /* IE7 and lower */
            border-spacing: 0;
            width: 100%;
        }

        .bordered {
            border: solid #ccc 1px;
            -moz-border-radius: 6px;
            -webkit-border-radius: 6px;
            border-radius: 6px;
            -webkit-box-shadow: 0 1px 1px #ccc;
            -moz-box-shadow: 0 1px 1px #ccc;
            box-shadow: 0 1px 1px #ccc;
        }

        .bordered tr:hover {
            background: #fbf8e9;
            -o-transition: all 0.1s ease-in-out;
            -webkit-transition: all 0.1s ease-in-out;
            -moz-transition: all 0.1s ease-in-out;
            -ms-transition: all 0.1s ease-in-out;
            transition: all 0.1s ease-in-out;
        }

        .bordered td, .bordered th {
            border-left: 1px solid #ccc;
            border-top: 1px solid #ccc;
            padding: 10px;
            text-align: left;
        }

        .bordered .th {
            background-color: #dce9f9;
            background-image: -webkit-gradient(linear, left top, left bottom, from(#ebf3fc), to(#dce9f9));
            background-image: -webkit-linear-gradient(top, #ebf3fc, #dce9f9);
            background-image:    -moz-linear-gradient(top, #ebf3fc, #dce9f9);
            background-image:     -ms-linear-gradient(top, #ebf3fc, #dce9f9);
            background-image:      -o-linear-gradient(top, #ebf3fc, #dce9f9);
            background-image:         linear-gradient(top, #ebf3fc, #dce9f9);
            -webkit-box-shadow: 0 1px 0 rgba(255,255,255,.8) inset;
            -moz-box-shadow:0 1px 0 rgba(255,255,255,.8) inset;
            box-shadow: 0 1px 0 rgba(255,255,255,.8) inset;
            border-top: none;
            text-shadow: 0 1px 0 rgba(255,255,255,.5);
        }

        .bordered td:first-child, .bordered th:first-child {
            border-left: none;
        }

        .bordered th:first-child {
            -moz-border-radius: 6px 0 0 0;
            -webkit-border-radius: 6px 0 0 0;
            border-radius: 6px 0 0 0;
        }

        .bordered th:last-child {
            -moz-border-radius: 0 6px 0 0;
            -webkit-border-radius: 0 6px 0 0;
            border-radius: 0 6px 0 0;
        }

        .bordered th:only-child{
            -moz-border-radius: 6px 6px 0 0;
            -webkit-border-radius: 6px 6px 0 0;
            border-radius: 6px 6px 0 0;
        }

        .bordered tr:last-child td:first-child {
            -moz-border-radius: 0 0 0 6px;
            -webkit-border-radius: 0 0 0 6px;
            border-radius: 0 0 0 6px;
        }

        .bordered tr:last-child td:last-child {
            -moz-border-radius: 0 0 6px 0;
            -webkit-border-radius: 0 0 6px 0;
            border-radius: 0 0 6px 0;
        }

        table {
            font-size: 100%;
        }

        pre {
        }

        /* -- heading ---------------------------------------------------------------------- */
        h1 {
            font-size: 16pt;
            color: gray;
        }

        .heading {
            margin-top: 0ex;
            margin-bottom: 1ex;
        }

        .heading .attribute {
            margin-top: 1ex;
            margin-bottom: 0;
        }

        .heading .description {
            margin-top: 4ex;
            margin-bottom: 6ex;
        }

        /* -- css div popup ------------------------------------------------------------------------ */
        a.popup_link {
        }

        a.popup_link:hover {
            color: red;
        }

        .popup_window {
            display: none;
            position: relative;
            left: 0px;
            top: 0px;
            /*border: solid #627173 1px; */
            padding: 10px;
            background-color: #E6E6D6;
            font-family: "Lucida Console", "Courier New", Courier, monospace;
            text-align: left;
            font-size: 8pt;
            width: 500px;
        }

        }
        /* -- report ------------------------------------------------------------------------ */
        #show_detail_line {
            margin-top: 3ex;
            margin-bottom: 1ex;
        }

        #result_tabl {
            width: 80%;
            border-collapse: collapse;
            border: 1px solid #777;
        }

        #header_row {
            font-weight: bold;
            color: white;
            background-color: #777;
        }

        #result_table td {
            border: 1px solid #777;
            padding: 2px;
        }

        #total_row {
            font-weight: bold;
        }

        .passClass {
            background-color: #6c6;
        }

        .failClass {
            background-color: #c60;
        }

        .errorClass {
            background-color: #c00;
        }

        .passCase {
            color: #6c6;
        }

        .failCase {
            color: #c60;
            font-weight: bold;
        }

        .errorCase {
            color: #c00;
            font-weight: bold;
        }

        .hiddenRow {
            display: none;
        }

        .testcase {
            margin-left: 2em;
        }

        /* -- ending ---------------------------------------------------------------------- */
        #ending {
        }
        #describe{
            align-content: center;
        }
    </style>

</head>

<body>
<div>
    <table class="bordered">
        <tr class="th">
            <td>用例编号</td>
            <td>项目名称</td>
            <td>业务名称</td>
            <td>通过</td>
            <td>失败</td>
            <td style="text-align: center">描述</td>
            <td>开始时间</td>
            <td>结束时间</td>
            <td>消耗时间</td>
            <td>错误截图</td>
            
                
                    
                
                <tr style="background-color:#dff0d8;">
                    <td>Case001</td>
                    <td>香港华润</td>
                    <td>数据分析页</td>
                    <td>1</td>
                    <td></td>
                    <td></td>
                    <td>21:00:49</td>
                    <td>21:02:30</td>
                    <td>101s</td>
                    <td>无</td>
                </tr>
            
                
                    
                
                <tr style="background-color:#dff0d8;">
                    <td>Case002</td>
                    <td>深圳华为</td>
                    <td>系统监控</td>
                    <td>1</td>
                    <td></td>
                    <td></td>
                    <td>21:00:49</td>
                    <td>21:02:36</td>
                    <td>107s</td>
                    <td>无</td>
                </tr>
            
                
                    
                
                <tr style="background-color:#f2dede;">
                    <td>Case003</td>
                    <td>上海中芯国际</td>
                    <td>系统监控</td>
                    <td></td>
                    <td>1</td>
                    <td>(<class 'AttributeError'>, AttributeError("'NoneType' object has no attribute 'quit'",), <traceback object at 0x0000000004413F48>)</td>
                    <td>21:00:49</td>
                    <td>None</td>
                    <td>2017-09-19 21:00:49.046253</td>
                    <td><a href="http://140.207.49.230:5009/getPic/None">2016-09-22 11-33-55.png点击查看</a></td>
                </tr>
            
                
                    
                
                <tr style="background-color:#f2dede;">
                    <td>Case004</td>
                    <td>不针对项目</td>
                    <td>用户名检验,并注销用户</td>
                    <td></td>
                    <td>1</td>
                    <td>(<class 'TypeError'>, TypeError("Can't convert 'NoneType' object to str implicitly",), <traceback object at 0x00000000043E9C08>)</td>
                    <td>21:00:49</td>
                    <td>21:02:00</td>
                    <td>71s</td>
                    <td><a href="http://140.207.49.230:5009/getPic/None">2016-09-22 11-33-55.png点击查看</a></td>
                </tr>
            
                
                    
                
                <tr style="background-color:#dff0d8;">
                    <td>Case005</td>
                    <td>上海华为</td>
                    <td>数据分析:图标</td>
                    <td>1</td>
                    <td></td>
                    <td></td>
                    <td>21:02:01</td>
                    <td>21:03:23</td>
                    <td>81s</td>
                    <td>无</td>
                </tr>
            
                
                    
                
                <tr style="background-color:#dff0d8;">
                    <td>Case006</td>
                    <td>不针对项目</td>
                    <td>批量用户登录:消耗时间</td>
                    <td>1</td>
                    <td></td>
                    <td></td>
                    <td>21:02:09</td>
                    <td>21:02:42</td>
                    <td>33s</td>
                    <td>无</td>
                </tr>
            
                
                    
                
                <tr style="background-color:#dff0d8;">
                    <td>Case007</td>
                    <td>不针对项目</td>
                    <td>地图加载:红色圆点显示</td>
                    <td>1</td>
                    <td></td>
                    <td></td>
                    <td>21:02:30</td>
                    <td>21:03:14</td>
                    <td>43s</td>
                    <td>无</td>
                </tr>
            
                
                    
                
                <tr style="background-color:#dff0d8;">
                    <td>Case008</td>
                    <td>不针对项目</td>
                    <td>测试数据分析模块中，在数据组中添加点后图表显示问题</td>
                    <td>1</td>
                    <td></td>
                    <td></td>
                    <td>21:02:36</td>
                    <td>21:03:31</td>
                    <td>54s</td>
                    <td>无</td>
                </tr>
            
                
                    
                
                <tr style="background-color:#f2dede;">
                    <td>Case009</td>
                    <td>上海华为项目</td>
                    <td>测试数据分析各个界面的内容是否丢失</td>
                    <td></td>
                    <td>1</td>
                    <td>(<class 'AssertionError'>, AssertionError('数据分析界面->工作集->上海华为数据分析->左侧缩略图和页面中间的图表数量不一致,请检测图标是否有丢失!',), <traceback object at 0x0000000000B67E48>)</td>
                    <td>21:02:42</td>
                    <td>21:03:57</td>
                    <td>74s</td>
                    <td><a href="http://140.207.49.230:5009/getPic/None">2017-09-19 21-03-53.png点击查看</a></td>
                </tr>
            
                
                    
                
                <tr style="background-color:#dff0d8;">
                    <td>Case010</td>
                    <td>不针对项目</td>
                    <td>测试数据分析工作集合的增删改等操作是否正常</td>
                    <td>1</td>
                    <td></td>
                    <td></td>
                    <td>21:03:14</td>
                    <td>21:04:35</td>
                    <td>81s</td>
                    <td>无</td>
                </tr>
            
                
                    
                
                <tr style="background-color:#f2dede;">
                    <td>Case011</td>
                    <td>上海华为项目</td>
                    <td>测试数据分析模板相关操作</td>
                    <td></td>
                    <td>1</td>
                    <td>(<class 'selenium.common.exceptions.ElementNotVisibleException'>, ElementNotVisibleException('element not visible\n  (Session info: chrome=55.0.2883.75)\n  (Driver info: chromedriver=2.25.426923 (0390b88869384d6eb0d5d09729679f934aab9eed),platform=Windows NT 6.1.7601 SP1 x86_64)', None, None), <traceback object at 0x00000000044496C8>)</td>
                    <td>21:03:23</td>
                    <td>21:04:35</td>
                    <td>71s</td>
                    <td><a href="http://140.207.49.230:5009/getPic/None">2017-09-19 21-04-31.png点击查看</a></td>
                </tr>
            
                
                    
                
                <tr style="background-color:#f2dede;">
                    <td>Case013</td>
                    <td>不针对项目</td>
                    <td>测试登录后用户信息界面相关操作</td>
                    <td></td>
                    <td>1</td>
                    <td>(<class 'AssertionError'>, AssertionError('funcName: IsElementPresent error: Message: no such element: Unable to locate element: {"method":"css selector","selector":".ant-notification-notice-message"}\n  (Session info: chrome=55.0.2883.75)\n  (Driver info: chromedriver=2.25.426923 (0390b88869384d6eb0d5d09729679f934aab9eed),platform=Windows NT 6.1.7601 SP1 x86_64)\n',), <traceback object at 0x00000000006B2988>)</td>
                    <td>21:03:34</td>
                    <td>21:04:44</td>
                    <td>70s</td>
                    <td><a href="http://140.207.49.230:5009/getPic/None">2017-09-19 21-04-41.png点击查看</a></td>
                </tr>
            
                
                    
                
                <tr style="background-color:#f2dede;">
                    <td>Case014</td>
                    <td>上海华为</td>
                    <td>测试数据分析便签功能</td>
                    <td></td>
                    <td>1</td>
                    <td>(<class 'Exception'>, Exception('funcname: waitElement error: timeout for wait element #anlsPane > div:nth-child(1)',), <traceback object at 0x00000000044618C8>)</td>
                    <td>21:03:58</td>
                    <td>21:04:57</td>
                    <td>59s</td>
                    <td><a href="http://140.207.49.230:5009/getPic/None">2017-09-19 21-04-53.png点击查看</a></td>
                </tr>
            
                
                    
                
                <tr style="background-color:#f2dede;">
                    <td>Case015</td>
                    <td>深圳华为项目</td>
                    <td>测试数据分析->自选图形</td>
                    <td></td>
                    <td>1</td>
                    <td>(<class 'selenium.common.exceptions.WebDriverException'>, WebDriverException('unknown error: Element is not clickable at point (70, 26). Other element would receive the click: <div id="infoBoxModal"></div>\n  (Session info: chrome=55.0.2883.75)\n  (Driver info: chromedriver=2.25.426923 (0390b88869384d6eb0d5d09729679f934aab9eed),platform=Windows NT 6.1.7601 SP1 x86_64)', None, None), <traceback object at 0x0000000004448048>)</td>
                    <td>21:04:35</td>
                    <td>21:05:07</td>
                    <td>31s</td>
                    <td><a href="http://140.207.49.230:5009/getPic/None">2017-09-19 21-05-04.png点击查看</a></td>
                </tr>
            
                
                    
                
                <tr style="background-color:#dff0d8;">
                    <td>Case016</td>
                    <td>不针对项目</td>
                    <td>测试登陆时出现密码错误的问题并计算登陆时间</td>
                    <td>1</td>
                    <td></td>
                    <td></td>
                    <td>21:04:36</td>
                    <td>21:05:07</td>
                    <td>30s</td>
                    <td>无</td>
                </tr>
            
                
                    
                
                <tr style="background-color:#dff0d8;">
                    <td>Case018</td>
                    <td>不针对项目</td>
                    <td>测试项目列表模式与地图导航模式的切换</td>
                    <td>1</td>
                    <td></td>
                    <td></td>
                    <td>21:04:46</td>
                    <td>21:05:33</td>
                    <td>47s</td>
                    <td>无</td>
                </tr>
            
                
                    
                
                <tr style="background-color:#f2dede;">
                    <td>Case019</td>
                    <td>上海中芯国际项目</td>
                    <td>能耗统计页面dashboard超链接跳转</td>
                    <td></td>
                    <td>1</td>
                    <td>(<class 'selenium.common.exceptions.WebDriverException'>, WebDriverException('unknown error: Element is not clickable at point (70, 26). Other element would receive the click: <div id="infoBoxModal"></div>\n  (Session info: chrome=55.0.2883.75)\n  (Driver info: chromedriver=2.25.426923 (0390b88869384d6eb0d5d09729679f934aab9eed),platform=Windows NT 6.1.7601 SP1 x86_64)', None, None), <traceback object at 0x00000000043DD5C8>)</td>
                    <td>21:04:58</td>
                    <td>21:05:27</td>
                    <td>28s</td>
                    <td><a href="http://140.207.49.230:5009/getPic/None">2017-09-19 21-05-23.png点击查看</a></td>
                </tr>
            
                
                    
                
                <tr style="background-color:#f2dede;">
                    <td>Case021</td>
                    <td>不针对项目</td>
                    <td>使用Kingsley账号邀请用户注册</td>
                    <td></td>
                    <td>1</td>
                    <td>(<class 'AssertionError'>, AssertionError('用户projecttest@rnbtech.com.hk 密码Rnbtech1103登陆失败，请检查账号密码是否正确!',), <traceback object at 0x00000000043E43C8>)</td>
                    <td>21:05:07</td>
                    <td>21:07:55</td>
                    <td>168s</td>
                    <td><a href="http://140.207.49.230:5009/getPic/None">2017-07-18 14-09-25.png点击查看</a></td>
                </tr>
            
                
                    
                
                <tr style="background-color:#f2dede;">
                    <td>Case023</td>
                    <td>上海中芯国际项目</td>
                    <td>能耗统计页面dashboard点添加到数据分析</td>
                    <td></td>
                    <td>1</td>
                    <td>(<class 'AssertionError'>, AssertionError('用户619434176@qq.com 密码wuranxu312登陆失败，请检查账号密码是否正确!',), <traceback object at 0x00000000043E4788>)</td>
                    <td>21:05:08</td>
                    <td>None</td>
                    <td>2017-09-19 21:05:08.902116</td>
                    <td><a href="http://140.207.49.230:5009/getPic/None">2017-08-17 07-06-12.png点击查看</a></td>
                </tr>
            
                
                    
                
                <tr style="background-color:#f2dede;">
                    <td>Case024</td>
                    <td>早班巡查项目1</td>
                    <td>检查报表内容以及是否能下载</td>
                    <td></td>
                    <td>1</td>
                    <td>(<class 'AssertionError'>, AssertionError('上海华为项目--设备--系统诊断--诊断周报页面在360s内加载失败! 详细信息: Message: \n',), <traceback object at 0x0000000004487E48>)</td>
                    <td>21:05:28</td>
                    <td>21:13:14</td>
                    <td>466s</td>
                    <td><a href="http://140.207.49.230:5009/getPic/None">2017-09-19 21-13-10.png点击查看</a></td>
                </tr>
            
                
                    
                
                <tr style="background-color:#f2dede;">
                    <td>Case026</td>
                    <td>国服上海华为、演示06、英文演示06项目</td>
                    <td>测试冰蓄冷页面dashboard内容是否缺失</td>
                    <td></td>
                    <td>1</td>
                    <td>(<class 'AssertionError'>, AssertionError('上海华为项目--设备--运行概况--冰蓄冷概览页面在30s内加载失败! 详细信息: Message: \n',), <traceback object at 0x000000000446D348>)</td>
                    <td>21:05:33</td>
                    <td>21:07:21</td>
                    <td>108s</td>
                    <td><a href="http://140.207.49.230:5009/getPic/None">2017-09-19 21-07-18.png点击查看</a></td>
                </tr>
            
                
                    
                
                <tr style="background-color:#dff0d8;">
                    <td>Case028</td>
                    <td>不针对项目</td>
                    <td>项目搜索功能</td>
                    <td>1</td>
                    <td></td>
                    <td></td>
                    <td>21:05:34</td>
                    <td>21:06:30</td>
                    <td>56s</td>
                    <td>无</td>
                </tr>
            
                
                    
                
                <tr style="background-color:#dff0d8;">
                    <td>Case029</td>
                    <td>上海华为项目</td>
                    <td>诊断页面是否能正常加载</td>
                    <td>1</td>
                    <td></td>
                    <td></td>
                    <td>21:06:33</td>
                    <td>21:07:51</td>
                    <td>78s</td>
                    <td>无</td>
                </tr>
            
                
                    
                
                <tr style="background-color:#dff0d8;">
                    <td>Case030</td>
                    <td>不针对项目</td>
                    <td>登陆后版本信息等元素检查</td>
                    <td>1</td>
                    <td></td>
                    <td></td>
                    <td>21:07:22</td>
                    <td>21:07:48</td>
                    <td>25s</td>
                    <td>无</td>
                </tr>
            
                
                    
                
                <tr style="background-color:#f2dede;">
                    <td>Case031</td>
                    <td>上海华为项目</td>
                    <td>监测首页数据点是否丢失</td>
                    <td></td>
                    <td>1</td>
                    <td>(<class 'AssertionError'>, AssertionError('上海华为项目项目--设备--能效分析--能耗概览页面在30s内加载失败! 详细信息: Message: \n',), <traceback object at 0x000000000447C348>)</td>
                    <td>21:07:51</td>
                    <td>21:10:08</td>
                    <td>137s</td>
                    <td><a href="http://140.207.49.230:5009/getPic/None">2017-09-19 21-10-07.png点击查看</a></td>
                </tr>
            
                
                    
                
                <tr style="background-color:#f2dede;">
                    <td>Case032</td>
                    <td>英文演示06项目</td>
                    <td>诊断故障推送工单功能</td>
                    <td></td>
                    <td>1</td>
                    <td>(<class 'selenium.common.exceptions.WebDriverException'>, WebDriverException('unknown error: Element is not clickable at point (215, 286). Other element would receive the click: <div id="infoBoxModal"></div>\n  (Session info: chrome=55.0.2883.75)\n  (Driver info: chromedriver=2.25.426923 (0390b88869384d6eb0d5d09729679f934aab9eed),platform=Windows NT 6.1.7601 SP1 x86_64)', None, None), <traceback object at 0x0000000004472D88>)</td>
                    <td>21:07:54</td>
                    <td>21:10:24</td>
                    <td>149s</td>
                    <td><a href="http://140.207.49.230:5009/getPic/None">2017-09-19 21-10-24.png点击查看</a></td>
                </tr>
            
                
                    
                
                <tr style="background-color:#dff0d8;">
                    <td>Case034</td>
                    <td>WebFactory</td>
                    <td>Factory新建项目等操作</td>
                    <td>1</td>
                    <td></td>
                    <td></td>
                    <td>21:07:57</td>
                    <td>21:09:45</td>
                    <td>108s</td>
                    <td>无</td>
                </tr>
            
                
                    
                
                <tr style="background-color:#dff0d8;">
                    <td>Case036</td>
                    <td>梅赛德斯奔驰项目</td>
                    <td>项目操作记录测试</td>
                    <td>1</td>
                    <td></td>
                    <td></td>
                    <td>21:09:49</td>
                    <td>21:10:40</td>
                    <td>51s</td>
                    <td>无</td>
                </tr>
            
                
                    
                
                <tr style="background-color:#f2dede;">
                    <td>Case040</td>
                    <td>不针对项目</td>
                    <td>1613687333@qq.com账号找回密码</td>
                    <td></td>
                    <td>1</td>
                    <td>(<class 'AssertionError'>, AssertionError('邀请用户注册->用户打开邮件后未进入到注册页面,因为页面中没有找到密码输入框!(等待10秒)',), <traceback object at 0x0000000004483DC8>)</td>
                    <td>21:10:12</td>
                    <td>21:12:14</td>
                    <td>121s</td>
                    <td><a href="http://140.207.49.230:5009/getPic/None">2017-09-19 21-12-10.png点击查看</a></td>
                </tr>
            
                
                    
                
                <tr style="background-color:#dff0d8;">
                    <td>Case042</td>
                    <td>WebFactory</td>
                    <td>Factory新建,修改,删除页面</td>
                    <td>1</td>
                    <td></td>
                    <td></td>
                    <td>21:10:29</td>
                    <td>21:13:28</td>
                    <td>179s</td>
                    <td>无</td>
                </tr>
            
                
                    
                
                <tr style="background-color:#f2dede;">
                    <td>Case045</td>
                    <td>MyTest</td>
                    <td>现场点表导出/导入</td>
                    <td></td>
                    <td>1</td>
                    <td>(<class 'selenium.common.exceptions.NoSuchElementException'>, NoSuchElementException('no such element: Unable to locate element: {"method":"css selector","selector":".widget-sdt-rows-selector select"}\n  (Session info: chrome=55.0.2883.75)\n  (Driver info: chromedriver=2.25.426923 (0390b88869384d6eb0d5d09729679f934aab9eed),platform=Windows NT 6.1.7601 SP1 x86_64)', None, None), <traceback object at 0x0000000004449448>)</td>
                    <td>21:10:43</td>
                    <td>21:11:55</td>
                    <td>71s</td>
                    <td><a href="http://140.207.49.230:5009/getPic/None">2017-09-19 21-11-28.png点击查看</a></td>
                </tr>
            
                
                    
                
                <tr style="background-color:#f2dede;">
                    <td>Case046</td>
                    <td>上海华为</td>
                    <td>系统诊断数目是否相等</td>
                    <td></td>
                    <td>1</td>
                    <td>(<class 'selenium.common.exceptions.WebDriverException'>, WebDriverException('unknown error: Element is not clickable at point (37, 768). Other element would receive the click: <div class="spinnerMask"></div>\n  (Session info: chrome=55.0.2883.75)\n  (Driver info: chromedriver=2.25.426923 (0390b88869384d6eb0d5d09729679f934aab9eed),platform=Windows NT 6.1.7601 SP1 x86_64)', None, None), <traceback object at 0x00000000044ADA08>)</td>
                    <td>21:11:59</td>
                    <td>21:17:03</td>
                    <td>303s</td>
                    <td><a href="http://140.207.49.230:5009/getPic/None">2017-09-19 21-17-00.png点击查看</a></td>
                </tr>
            
                
                    
                
                <tr style="background-color:#f2dede;">
                    <td>Case047</td>
                    <td>无</td>
                    <td>数据分析图表分享链接</td>
                    <td></td>
                    <td>1</td>
                    <td>(<class 'selenium.common.exceptions.TimeoutException'>, TimeoutException('', None, None), <traceback object at 0x0000000004491E88>)</td>
                    <td>21:12:15</td>
                    <td>21:13:26</td>
                    <td>70s</td>
                    <td><a href="http://140.207.49.230:5009/getPic/None">2017-09-19 21-13-25.png点击查看</a></td>
                </tr>
            
                
                    
                
                <tr style="background-color:#f2dede;">
                    <td>Case048</td>
                    <td>上海华为</td>
                    <td>dashboard是否有数据</td>
                    <td></td>
                    <td>1</td>
                    <td>(<class 'AssertionError'>, AssertionError('登陆Beop后进入上海华为项目失败, 详细信息: Message: unknown error: Element is not clickable at point (131, 924). Other element would receive the click: <div id="infoBoxModal"></div>\n  (Session info: chrome=55.0.2883.75)\n  (Driver info: chromedriver=2.25.426923 (0390b88869384d6eb0d5d09729679f934aab9eed),platform=Windows NT 6.1.7601 SP1 x86_64)\n',), <traceback object at 0x0000000004492B48>)</td>
                    <td>21:13:15</td>
                    <td>21:13:46</td>
                    <td>31s</td>
                    <td><a href="http://140.207.49.230:5009/getPic/None">2017-09-19 21-13-45.png点击查看</a></td>
                </tr>
            
                
                    
                
                <tr style="background-color:#f2dede;">
                    <td>Case050</td>
                    <td>上海华为</td>
                    <td>查看更多,查看日报点击是否连接</td>
                    <td></td>
                    <td>1</td>
                    <td>(<class 'AssertionError'>, AssertionError('上海华为项目--设备--能效分析--能耗概览页面在30s内加载失败! 详细信息: Message: \n',), <traceback object at 0x0000000004477888>)</td>
                    <td>21:13:30</td>
                    <td>21:15:11</td>
                    <td>100s</td>
                    <td><a href="http://140.207.49.230:5009/getPic/None">2017-09-19 21-15-10.png点击查看</a></td>
                </tr>
            
                
                    
                
                <tr style="background-color:#dff0d8;">
                    <td>Case054</td>
                    <td>不选择项目</td>
                    <td>全屏功能</td>
                    <td>1</td>
                    <td></td>
                    <td></td>
                    <td>21:13:31</td>
                    <td>21:14:45</td>
                    <td>73s</td>
                    <td>无</td>
                </tr>
            
                
                    
                
                <tr style="background-color:#dff0d8;">
                    <td>Case055</td>
                    <td>上海中芯国际</td>
                    <td>数据管理点表搜索功能</td>
                    <td>1</td>
                    <td></td>
                    <td></td>
                    <td>21:13:51</td>
                    <td>21:22:29</td>
                    <td>518s</td>
                    <td>无</td>
                </tr>
            
                
                    
                
                <tr style="background-color:#f2dede;">
                    <td>Case056</td>
                    <td>上海中芯国际</td>
                    <td>原始数据界面查看历史,刷新,收藏,分页功能</td>
                    <td></td>
                    <td>1</td>
                    <td>(<class 'AssertionError'>, AssertionError('数据管理---原始数据切换每页最大项失败',), <traceback object at 0x0000000004470E48>)</td>
                    <td>21:14:45</td>
                    <td>21:18:40</td>
                    <td>234s</td>
                    <td><a href="http://140.207.49.230:5009/getPic/None">2017-09-19 21-18-40.png点击查看</a></td>
                </tr>
            
                
                    
                
                <tr style="background-color:#f2dede;">
                    <td>Case057</td>
                    <td>上海中芯国际</td>
                    <td>某时刻点值功能,分页功能,导出模板</td>
                    <td></td>
                    <td>1</td>
                    <td>(<class 'selenium.common.exceptions.WebDriverException'>, WebDriverException('unknown error: Element is not clickable at point (521, 91). Other element would receive the click: <div class="spinnerMask"></div>\n  (Session info: chrome=55.0.2883.75)\n  (Driver info: chromedriver=2.25.426923 (0390b88869384d6eb0d5d09729679f934aab9eed),platform=Windows NT 6.1.7601 SP1 x86_64)', None, None), <traceback object at 0x0000000004446DC8>)</td>
                    <td>21:15:15</td>
                    <td>21:16:14</td>
                    <td>58s</td>
                    <td><a href="http://140.207.49.230:5009/getPic/None">2017-09-19 21-16-13.png点击查看</a></td>
                </tr>
            
                
                    
                
                <tr style="background-color:#dff0d8;">
                    <td>Case058</td>
                    <td>上海来福士项目</td>
                    <td>报表等页面是否正常加载</td>
                    <td>1</td>
                    <td></td>
                    <td></td>
                    <td>21:16:18</td>
                    <td>21:20:58</td>
                    <td>279s</td>
                    <td>无</td>
                </tr>
            
                
                    
                
                <tr style="background-color:#dff0d8;">
                    <td>Case059</td>
                    <td>长宁来福士项目</td>
                    <td>报表等页面是否正常加载</td>
                    <td>1</td>
                    <td></td>
                    <td></td>
                    <td>21:17:07</td>
                    <td>21:21:06</td>
                    <td>239s</td>
                    <td>无</td>
                </tr>
            
                
                    
                
                <tr style="background-color:#dff0d8;">
                    <td>Case060</td>
                    <td>新加坡Bugis+项目</td>
                    <td>报表等页面是否正常加载</td>
                    <td>1</td>
                    <td></td>
                    <td></td>
                    <td>21:18:44</td>
                    <td>21:22:25</td>
                    <td>220s</td>
                    <td>无</td>
                </tr>
            
                
                    
                
                <tr style="background-color:#f2dede;">
                    <td>Case063</td>
                    <td>175LiverpoolStreet</td>
                    <td>检查Operation Summary--Energy Overview页面是否正常</td>
                    <td></td>
                    <td>1</td>
                    <td>(<class 'AssertionError'>, AssertionError('用户projecttest@rnbtech.com.hk 密码Rnbtech1103登陆失败，请检查账号密码是否正确!',), <traceback object at 0x00000000044C32C8>)</td>
                    <td>21:21:01</td>
                    <td>None</td>
                    <td>2017-09-19 21:21:01.407596</td>
                    <td><a href="http://140.207.49.230:5009/getPic/None">2017-07-05 13-16-04.png点击查看</a></td>
                </tr>
            
                
                    
                
                <tr style="background-color:#dff0d8;">
                    <td>Case064</td>
                    <td>175LiverpoolStreet</td>
                    <td>检查Diagnosis Overview页面是否正常</td>
                    <td>1</td>
                    <td></td>
                    <td></td>
                    <td>21:21:09</td>
                    <td>21:22:40</td>
                    <td>91s</td>
                    <td>无</td>
                </tr>
            
                
                    
                
                <tr style="background-color:#f2dede;">
                    <td>Case065</td>
                    <td>175LiverpoolStreet</td>
                    <td>检查Operation Summary-KPI Overview页面是否正常</td>
                    <td></td>
                    <td>1</td>
                    <td>(<class 'AssertionError'>, AssertionError('175LiverpoolStreet项目--Operation Summary--KPI Overview页面在30s内加载失败! 详细信息: Message: \n',), <traceback object at 0x00000000044BB9C8>)</td>
                    <td>21:21:29</td>
                    <td>21:23:02</td>
                    <td>93s</td>
                    <td><a href="http://140.207.49.230:5009/getPic/None">2017-09-19 21-23-02.png点击查看</a></td>
                </tr>
            
                
                    
                
                <tr style="background-color:#f2dede;">
                    <td>Case066</td>
                    <td>175LiverpoolStreet</td>
                    <td>检查Diagnosis页面是否正常</td>
                    <td></td>
                    <td>1</td>
                    <td>(<class 'AssertionError'>, AssertionError('用户projecttest@rnbtech.com.hk 密码Rnbtech1103登陆失败，请检查账号密码是否正确!',), <traceback object at 0x00000000044659C8>)</td>
                    <td>21:22:28</td>
                    <td>None</td>
                    <td>2017-09-19 21:22:28.742592</td>
                    <td><a href="http://140.207.49.230:5009/getPic/None">2017-08-15 21-33-38.png点击查看</a></td>
                </tr>
            
                
                    
                
                <tr style="background-color:#dff0d8;">
                    <td>Case067</td>
                    <td>175LiverpoolStreet</td>
                    <td>检查Plant页面是否正常</td>
                    <td>1</td>
                    <td></td>
                    <td></td>
                    <td>21:22:32</td>
                    <td>21:32:17</td>
                    <td>585s</td>
                    <td>无</td>
                </tr>
            
                
                    
                
                <tr style="background-color:#dff0d8;">
                    <td>Case068</td>
                    <td>DemoEn09</td>
                    <td>检查首页页面是否正常</td>
                    <td>1</td>
                    <td></td>
                    <td></td>
                    <td>21:22:44</td>
                    <td>21:23:47</td>
                    <td>62s</td>
                    <td>无</td>
                </tr>
            
                
                    
                
                <tr style="background-color:#f2dede;">
                    <td>Case069</td>
                    <td>DemoEn09</td>
                    <td>检查KPI Summary是否正常</td>
                    <td></td>
                    <td>1</td>
                    <td>(<class 'AssertionError'>, AssertionError('用户projecttest@rnbtech.com.hk 密码Rnbtech1103登陆失败，请检查账号密码是否正确!',), <traceback object at 0x00000000044ADE48>)</td>
                    <td>21:23:07</td>
                    <td>None</td>
                    <td>2017-09-19 21:23:07.449806</td>
                    <td><a href="http://140.207.49.230:5009/getPic/None">2017-07-03 09-58-50.png点击查看</a></td>
                </tr>
            
                
                    
                
                <tr style="background-color:#f2dede;">
                    <td>Case070</td>
                    <td>DemoEn09</td>
                    <td>检查Energy&cost overview是否正常</td>
                    <td></td>
                    <td>1</td>
                    <td>(<class 'AssertionError'>, AssertionError('DemoEn09项目--Equipment--Energy&Cost--Energy&cost overview页面在30s内加载失败! 详细信息: Message: unknown error: Element is not clickable at point (332, 26). Other element would receive the click: <div id="infoBoxModal"></div>\n  (Session info: chrome=55.0.2883.75)\n  (Driver info: chromedriver=2.25.426923 (0390b88869384d6eb0d5d09729679f934aab9eed),platform=Windows NT 6.1.7601 SP1 x86_64)\n',), <traceback object at 0x000000000446DD08>)</td>
                    <td>21:23:10</td>
                    <td>21:24:10</td>
                    <td>60s</td>
                    <td><a href="http://140.207.49.230:5009/getPic/None">2017-09-19 21-24-08.png点击查看</a></td>
                </tr>
            
                
                    
                
                <tr style="background-color:#f2dede;">
                    <td>Case071</td>
                    <td>DemoEn09</td>
                    <td>检查Ice storage system overview是否正常</td>
                    <td></td>
                    <td>1</td>
                    <td>(<class 'AssertionError'>, AssertionError('用户projecttest@rnbtech.com.hk 密码Rnbtech1103登陆失败，请检查账号密码是否正确!',), <traceback object at 0x00000000044BBA08>)</td>
                    <td>21:23:38</td>
                    <td>None</td>
                    <td>2017-09-19 21:23:38.066557</td>
                    <td><a href="http://140.207.49.230:5009/getPic/None">2017-08-15 21-37-07.png点击查看</a></td>
                </tr>
            
                
                    
                
                <tr style="background-color:#f2dede;">
                    <td>Case072</td>
                    <td>DemoEn09</td>
                    <td>检查Equipments是否正常</td>
                    <td></td>
                    <td>1</td>
                    <td>(<class 'AssertionError'>, AssertionError('DemoEn09项目--Equipment--Operation--Equipments--Chiller页面在30s内加载失败! 详细信息: Message: \n',), <traceback object at 0x00000000044D4388>)</td>
                    <td>21:23:50</td>
                    <td>21:25:50</td>
                    <td>119s</td>
                    <td><a href="http://140.207.49.230:5009/getPic/None">2017-09-19 21-25-49.png点击查看</a></td>
                </tr>
            
                
                    
                
                <tr style="background-color:#f2dede;">
                    <td>Case073</td>
                    <td>DemoEn09</td>
                    <td>检查Diagnosis-System diagnosis是否正常</td>
                    <td></td>
                    <td>1</td>
                    <td>(<class 'AssertionError'>, AssertionError('用户projecttest@rnbtech.com.hk 密码Rnbtech1103登陆失败，请检查账号密码是否正确!',), <traceback object at 0x0000000004470D08>)</td>
                    <td>21:24:09</td>
                    <td>None</td>
                    <td>2017-09-19 21:24:09.800372</td>
                    <td><a href="http://140.207.49.230:5009/getPic/None">2017-08-15 21-37-44.png点击查看</a></td>
                </tr>
            
                
                    
                
                <tr style="background-color:#f2dede;">
                    <td>Case074</td>
                    <td>DemoEn09</td>
                    <td>检查Diagnosis-Diagnosis overview是否正常</td>
                    <td></td>
                    <td>1</td>
                    <td>(<class 'AssertionError'>, AssertionError('DemoEn09项目--Equipment--Diagnosis--Diagnosis overview页面在30s内加载失败! 详细信息: Message: \n',), <traceback object at 0x00000000044B6C08>)</td>
                    <td>21:24:15</td>
                    <td>21:26:08</td>
                    <td>113s</td>
                    <td><a href="http://140.207.49.230:5009/getPic/None">2017-09-19 21-26-07.png点击查看</a></td>
                </tr>
            
                
                    
                
                <tr style="background-color:#dff0d8;">
                    <td>Case075</td>
                    <td>金钟广场</td>
                    <td>检查页面首页是否正常</td>
                    <td>1</td>
                    <td></td>
                    <td></td>
                    <td>21:24:48</td>
                    <td>21:26:40</td>
                    <td>111s</td>
                    <td>无</td>
                </tr>
            
                
                    
                
                <tr style="background-color:#dff0d8;">
                    <td>Case076</td>
                    <td>上海华为</td>
                    <td>上海华为首页</td>
                    <td>1</td>
                    <td></td>
                    <td></td>
                    <td>21:25:54</td>
                    <td>21:27:08</td>
                    <td>74s</td>
                    <td>无</td>
                </tr>
            
                
                    
                
                <tr style="background-color:#dff0d8;">
                    <td>Case077</td>
                    <td>WebFactory</td>
                    <td>查看Factory修改项目中项目类型和标识是否正确</td>
                    <td>1</td>
                    <td></td>
                    <td></td>
                    <td>21:26:13</td>
                    <td>21:26:55</td>
                    <td>42s</td>
                    <td>无</td>
                </tr>
            
                
                    
                
                <tr style="background-color:#f2dede;">
                    <td>Case078</td>
                    <td></td>
                    <td>工单检查</td>
                    <td></td>
                    <td>1</td>
                    <td>(<class 'selenium.common.exceptions.WebDriverException'>, WebDriverException('unknown error: Element is not clickable at point (1790, 26). Other element would receive the click: <div id="infoBoxModal"></div>\n  (Session info: chrome=55.0.2883.75)\n  (Driver info: chromedriver=2.25.426923 (0390b88869384d6eb0d5d09729679f934aab9eed),platform=Windows NT 6.1.7601 SP1 x86_64)', None, None), <traceback object at 0x00000000044AD3C8>)</td>
                    <td>21:26:43</td>
                    <td>21:27:21</td>
                    <td>37s</td>
                    <td><a href="http://140.207.49.230:5009/getPic/None">2017-09-19 21-27-19.png点击查看</a></td>
                </tr>
            
                
                    
                
                <tr style="background-color:#f2dede;">
                    <td>Case079</td>
                    <td></td>
                    <td>工单项目检查</td>
                    <td></td>
                    <td>1</td>
                    <td>(<class 'selenium.common.exceptions.WebDriverException'>, WebDriverException('unknown error: Element is not clickable at point (1818, 82). Other element would receive the click: <div class="modal-backdrop fade in"></div>\n  (Session info: chrome=55.0.2883.75)\n  (Driver info: chromedriver=2.25.426923 (0390b88869384d6eb0d5d09729679f934aab9eed),platform=Windows NT 6.1.7601 SP1 x86_64)', None, None), <traceback object at 0x00000000044B99C8>)</td>
                    <td>21:26:59</td>
                    <td>21:28:37</td>
                    <td>98s</td>
                    <td><a href="http://140.207.49.230:5009/getPic/None">2017-09-19 21-28-34.png点击查看</a></td>
                </tr>
            
                
                    
                
                <tr style="background-color:#f2dede;">
                    <td>Case081</td>
                    <td>175LiverpoolStreet</td>
                    <td>检查首页页面是否正常</td>
                    <td></td>
                    <td>1</td>
                    <td>(<class 'AssertionError'>, AssertionError('不选择项目->点击用户下拉菜单->进入后台管理界面时出错!',), <traceback object at 0x00000000044B20C8>)</td>
                    <td>21:27:12</td>
                    <td>21:27:58</td>
                    <td>46s</td>
                    <td><a href="http://140.207.49.230:5009/getPic/None">2017-09-19 21-27-56.png点击查看</a></td>
                </tr>
            
                
                    
                
                <tr style="background-color:#f2dede;">
                    <td>Case082</td>
                    <td>中芯国际</td>
                    <td>检查数据诊断诊断文件夹,增删改</td>
                    <td></td>
                    <td>1</td>
                    <td>(<class 'selenium.common.exceptions.NoSuchElementException'>, NoSuchElementException('no such element: Unable to locate element: {"method":"css selector","selector":"input[class="form-control"]"}\n  (Session info: chrome=55.0.2883.75)\n  (Driver info: chromedriver=2.25.426923 (0390b88869384d6eb0d5d09729679f934aab9eed),platform=Windows NT 6.1.7601 SP1 x86_64)', None, None), <traceback object at 0x0000000004497648>)</td>
                    <td>21:27:25</td>
                    <td>21:29:34</td>
                    <td>128s</td>
                    <td><a href="http://140.207.49.230:5009/getPic/None">2017-09-19 21-29-31.png点击查看</a></td>
                </tr>
            
                
                    
                
                <tr style="background-color:#f2dede;">
                    <td>Case084</td>
                    <td>中芯国际</td>
                    <td>检查数据诊断诊断页面,增删改</td>
                    <td></td>
                    <td>1</td>
                    <td>(<class 'AssertionError'>, AssertionError('用户projecttest@rnbtech.com.hk 密码Rnbtech1103登陆失败，请检查账号密码是否正确!',), <traceback object at 0x0000000004483E08>)</td>
                    <td>21:28:03</td>
                    <td>None</td>
                    <td>2017-09-19 21:28:03.336729</td>
                    <td><a href="http://140.207.49.230:5009/getPic/None">2017-08-15 21-46-31.png点击查看</a></td>
                </tr>
            
                
                    
                
                <tr style="background-color:#f2dede;">
                    <td>Case086</td>
                    <td>MercedesBenz</td>
                    <td>用电总览</td>
                    <td></td>
                    <td>1</td>
                    <td>(<class 'AssertionError'>, AssertionError('MercedesBenz项目--总降系统--用电总览页面在180s内加载失败! 详细信息: Message: \n',), <traceback object at 0x00000000044B6388>)</td>
                    <td>21:28:37</td>
                    <td>21:33:04</td>
                    <td>267s</td>
                    <td><a href="http://140.207.49.230:5009/getPic/None">2017-09-19 21-33-03.png点击查看</a></td>
                </tr>
            
                
                    
                
                <tr style="background-color:#f2dede;">
                    <td>Case087</td>
                    <td>上海世贸皇家艾美</td>
                    <td>能耗值查询</td>
                    <td></td>
                    <td>1</td>
                    <td>(<class 'selenium.common.exceptions.WebDriverException'>, WebDriverException('unknown error: Element is not clickable at point (70, 26). Other element would receive the click: <div id="infoBoxModal"></div>\n  (Session info: chrome=55.0.2883.75)\n  (Driver info: chromedriver=2.25.426923 (0390b88869384d6eb0d5d09729679f934aab9eed),platform=Windows NT 6.1.7601 SP1 x86_64)', None, None), <traceback object at 0x00000000044AF748>)</td>
                    <td>21:28:41</td>
                    <td>21:29:38</td>
                    <td>56s</td>
                    <td><a href="http://140.207.49.230:5009/getPic/None">2017-09-19 21-29-36.png点击查看</a></td>
                </tr>
            
                
                    
                
                <tr style="background-color:#dff0d8;">
                    <td>Case089</td>
                    <td>英文演示06项目</td>
                    <td>诊断项目反馈功能</td>
                    <td>1</td>
                    <td></td>
                    <td></td>
                    <td>21:29:38</td>
                    <td>21:32:35</td>
                    <td>176s</td>
                    <td>无</td>
                </tr>
            
                
                    
                
                <tr style="background-color:#f2dede;">
                    <td>Case094</td>
                    <td>上海华为</td>
                    <td>KPI 汇总-HVAC检查</td>
                    <td></td>
                    <td>1</td>
                    <td>(<class 'selenium.common.exceptions.WebDriverException'>, WebDriverException('unknown error: Element is not clickable at point (70, 26). Other element would receive the click: <div id="infoBoxModal"></div>\n  (Session info: chrome=55.0.2883.75)\n  (Driver info: chromedriver=2.25.426923 (0390b88869384d6eb0d5d09729679f934aab9eed),platform=Windows NT 6.1.7601 SP1 x86_64)', None, None), <traceback object at 0x000000000446B188>)</td>
                    <td>21:29:42</td>
                    <td>21:30:27</td>
                    <td>45s</td>
                    <td><a href="http://140.207.49.230:5009/getPic/None">2017-09-19 21-30-26.png点击查看</a></td>
                </tr>
            
                
                    
                
                <tr style="background-color:#dff0d8;">
                    <td>Case095</td>
                    <td>WebFactory</td>
                    <td>Factory中数据源搜索点是否出现多个相同的点名</td>
                    <td>1</td>
                    <td></td>
                    <td></td>
                    <td>21:30:32</td>
                    <td>21:31:34</td>
                    <td>62s</td>
                    <td>无</td>
                </tr>
            
                
                    
                
                <tr style="background-color:#f2dede;">
                    <td>Case096</td>
                    <td>49Mytest</td>
                    <td>导出数据验证时间参数是否传递正常</td>
                    <td></td>
                    <td>1</td>
                    <td>(<class 'selenium.common.exceptions.WebDriverException'>, WebDriverException('unknown error: Element is not clickable at point (70, 26). Other element would receive the click: <div id="infoBoxModal"></div>\n  (Session info: chrome=55.0.2883.75)\n  (Driver info: chromedriver=2.25.426923 (0390b88869384d6eb0d5d09729679f934aab9eed),platform=Windows NT 6.1.7601 SP1 x86_64)', None, None), <traceback object at 0x00000000044AFA48>)</td>
                    <td>21:31:37</td>
                    <td>21:32:16</td>
                    <td>39s</td>
                    <td><a href="http://140.207.49.230:5009/getPic/None">2017-09-19 21-32-15.png点击查看</a></td>
                </tr>
            
                
                    
                
                <tr style="background-color:#f2dede;">
                    <td>Case097</td>
                    <td></td>
                    <td>计算点批量导入</td>
                    <td></td>
                    <td>1</td>
                    <td>(<class 'AssertionError'>, AssertionError('批量添加20个点用时 317秒，用时过长！',), <traceback object at 0x000000000446D488>)</td>
                    <td>21:32:21</td>
                    <td>21:37:42</td>
                    <td>321s</td>
                    <td><a href="http://140.207.49.230:5009/getPic/None">2017-09-19 21-37-38.png点击查看</a></td>
                </tr>
            
                
                    
                
                <tr style="background-color:#f2dede;">
                    <td>Case099</td>
                    <td>光明乳业</td>
                    <td>验证报表不为空且没有异常数据..验证pdf和word的能下载,验证修改时间,有报表</td>
                    <td></td>
                    <td>1</td>
                    <td>(<class 'AssertionError'>, AssertionError('用户BrightDTM@163.com 密码BrightDTM2017登陆失败，请检查账号密码是否正确!',), <traceback object at 0x00000000043EAD08>)</td>
                    <td>21:32:21</td>
                    <td>None</td>
                    <td>2017-09-19 21:32:21.304484</td>
                    <td><a href="http://140.207.49.230:5009/getPic/None">2017-03-22 10-02-28.png点击查看</a></td>
                </tr>
            
                
                    
                
                <tr style="background-color:#f2dede;">
                    <td>Case100</td>
                    <td>光明乳业</td>
                    <td>检查首页选中设备不要弹出 no history data,选中设备后右侧出现详情以及温度趋势和合格率趋势的显示,搜索框可以用 </td>
                    <td></td>
                    <td>1</td>
                    <td>(<class 'AssertionError'>, AssertionError('用户BrightDTM@163.com 密码BrightDTM2017登陆失败，请检查账号密码是否正确!',), <traceback object at 0x00000000044BC888>)</td>
                    <td>21:32:38</td>
                    <td>None</td>
                    <td>2017-09-19 21:32:38.456465</td>
                    <td><a href="http://140.207.49.230:5009/getPic/None">2017-03-27 16-11-06.png点击查看</a></td>
                </tr>
            
                
                    
                
                <tr style="background-color:#f2dede;">
                    <td>Case101</td>
                    <td>光明乳业</td>
                    <td>选中设备,点击温度趋势处的展开,有趋势图出现,更改时间查询,可以看到新的数据,点击导出有文件.点击回到地图可以</td>
                    <td></td>
                    <td>1</td>
                    <td>(<class 'selenium.common.exceptions.WebDriverException'>, WebDriverException('unknown error: Element is not clickable at point (70, 26). Other element would receive the click: <div id="infoBoxModal"></div>\n  (Session info: chrome=55.0.2883.75)\n  (Driver info: chromedriver=2.25.426923 (0390b88869384d6eb0d5d09729679f934aab9eed),platform=Windows NT 6.1.7601 SP1 x86_64)', None, None), <traceback object at 0x00000000044B9548>)</td>
                    <td>21:33:08</td>
                    <td>21:33:52</td>
                    <td>43s</td>
                    <td><a href="http://140.207.49.230:5009/getPic/None">2017-09-19 21-33-50.png点击查看</a></td>
                </tr>
            
                
                    
                
                <tr style="background-color:#dff0d8;">
                    <td>Case102</td>
                    <td>光明乳业</td>
                    <td>选中一个点,点击轨迹回放,有轨迹曲线,切换日期,拖拽控件处时间也应该变,回到地图是否可用</td>
                    <td>1</td>
                    <td></td>
                    <td></td>
                    <td>21:33:13</td>
                    <td>21:38:16</td>
                    <td>302s</td>
                    <td>无</td>
                </tr>
            
                
                    
                
                <tr style="background-color:#f2dede;">
                    <td>Case103</td>
                    <td>光明乳业</td>
                    <td>数据统计,页面数据正常</td>
                    <td></td>
                    <td>1</td>
                    <td>(<class 'AttributeError'>, AttributeError("'Case103' object has no attribute 'filename'",), <traceback object at 0x00000000044FB388>)</td>
                    <td>21:33:20</td>
                    <td>None</td>
                    <td>2017-09-19 21:33:20.812888</td>
                    <td><a href="http://140.207.49.230:5009/getPic/None">2017-09-19 21-34-22.png点击查看</a></td>
                </tr>
            
                
                    
                
                <tr style="background-color:#f2dede;">
                    <td>Case104</td>
                    <td>49Mytest</td>
                    <td>计算点补数据后看不到任务列表</td>
                    <td></td>
                    <td>1</td>
                    <td>(<class 'selenium.common.exceptions.WebDriverException'>, WebDriverException('unknown error: Element is not clickable at point (70, 26). Other element would receive the click: <div id="infoBoxModal"></div>\n  (Session info: chrome=55.0.2883.75)\n  (Driver info: chromedriver=2.25.426923 (0390b88869384d6eb0d5d09729679f934aab9eed),platform=Windows NT 6.1.7601 SP1 x86_64)', None, None), <traceback object at 0x00000000044FC248>)</td>
                    <td>21:33:57</td>
                    <td>21:35:08</td>
                    <td>71s</td>
                    <td><a href="http://140.207.49.230:5009/getPic/None">2017-09-19 21-35-06.png点击查看</a></td>
                </tr>
            
                
                    
                
                <tr style="background-color:#f2dede;">
                    <td>Case105</td>
                    <td>金钟广场</td>
                    <td>检查页面能耗概览是否正常</td>
                    <td></td>
                    <td>1</td>
                    <td>(<class 'AssertionError'>, AssertionError('金钟广场项目--能耗概览页面在30s内加载失败! 详细信息: Message: \n',), <traceback object at 0x00000000044A2488>)</td>
                    <td>2017-09-19 21:34:26</td>
                    <td>21:36:33</td>
                    <td>127s</td>
                    <td>无</td>
                </tr>
            
                
                    
                
                <tr style="background-color:#f2dede;">
                    <td>Case106</td>
                    <td>金钟广场</td>
                    <td>检查页面KPI概览是否正常</td>
                    <td></td>
                    <td>1</td>
                    <td>(<class 'AssertionError'>, AssertionError('金钟广场项目--KPI概览页面在30s内加载失败! 详细信息: Message: \n',), <traceback object at 0x00000000044B9FC8>)</td>
                    <td>2017-09-19 21:35:13</td>
                    <td>21:36:47</td>
                    <td>94s</td>
                    <td>无</td>
                </tr>
            
                
                    
                
                <tr style="background-color:#f2dede;">
                    <td>Case107</td>
                    <td>金钟广场</td>
                    <td>检查页面诊断概览是否正常</td>
                    <td></td>
                    <td>1</td>
                    <td>(<class 'AssertionError'>, AssertionError('用户projecttest@rnbtech.com.hk 密码Rnbtech1103登陆失败，请检查账号密码是否正确!',), <traceback object at 0x00000000044E3A88>)</td>
                    <td>2017-09-19 21:36:37</td>
                    <td>None</td>
                    <td>2017-09-19 21:36:37.576142</td>
                    <td>无</td>
                </tr>
            
                
                    
                
                <tr style="background-color:#f2dede;">
                    <td>Case109</td>
                    <td>金钟广场</td>
                    <td>检查运营报表是否正常</td>
                    <td></td>
                    <td>1</td>
                    <td>(<class 'selenium.common.exceptions.WebDriverException'>, WebDriverException('unknown error: Element is not clickable at point (70, 26). Other element would receive the click: <div id="infoBoxModal"></div>\n  (Session info: chrome=55.0.2883.75)\n  (Driver info: chromedriver=2.25.426923 (0390b88869384d6eb0d5d09729679f934aab9eed),platform=Windows NT 6.1.7601 SP1 x86_64)', None, None), <traceback object at 0x0000000004487308>)</td>
                    <td>2017-09-19 21:36:51</td>
                    <td>21:38:03</td>
                    <td>71s</td>
                    <td>无</td>
                </tr>
            
                
                    
                
                <tr style="background-color:#f2dede;">
                    <td>Case110</td>
                    <td>上海中芯国际</td>
                    <td>检查现场点，虚拟点，计算点搜索点击按钮是否正常</td>
                    <td></td>
                    <td>1</td>
                    <td>(<class 'selenium.common.exceptions.WebDriverException'>, WebDriverException('unknown error: Element is not clickable at point (1308, 88). Other element would receive the click: <div class="spinnerMask"></div>\n  (Session info: chrome=55.0.2883.75)\n  (Driver info: chromedriver=2.25.426923 (0390b88869384d6eb0d5d09729679f934aab9eed),platform=Windows NT 6.1.7601 SP1 x86_64)', None, None), <traceback object at 0x00000000044F2188>)</td>
                    <td>21:37:25</td>
                    <td>21:39:00</td>
                    <td>95s</td>
                    <td><a href="http://140.207.49.230:5009/getPic/None">2017-09-19 21-39-00.png点击查看</a></td>
                </tr>
            
    </table>

</div>
<div id='ending'>&nbsp;</div>
</body>
</html>
